#-----------------------------------------------------------
# Vivado v2018.3 (64-bit)
# SW Build 2405991 on Thu Dec  6 23:38:27 MST 2018
# IP Build 2404404 on Fri Dec  7 01:43:56 MST 2018
# Start of session at: Tue Nov 18 19:10:48 2025
# Process ID: 19164
# Current directory: C:/Users/yasha/OneDrive/Desktop/project_fifo/fpga/project_1
# Command line: vivado.exe -gui_launcher_event rodinguilauncherevent11828 C:\Users\yasha\OneDrive\Desktop\project_fifo\fpga\project_1\project_1.xpr
# Log file: C:/Users/yasha/OneDrive/Desktop/project_fifo/fpga/project_1/vivado.log
# Journal file: C:/Users/yasha/OneDrive/Desktop/project_fifo/fpga/project_1\vivado.jou
#-----------------------------------------------------------sstart_guioopen_project C:/Users/yasha/OneDrive/Desktop/project_fifo/fpga/project_1/project_1.xpr
Scanning sources...
Finished scanning sources
INFO: [IP_Flow 19-234] Refreshing IP repositories
INFO: [IP_Flow 19-1704] No user IP repositories specifiedIINFO: [IP_Flow 19-2313] Loaded Vivado IP repository 'E:/rakshasi/Vivado/2018.3/data/ip'.oupdate_compile_order -fileset sources_1
exit
INFO: [Common 17-206] Exiting Vivado at Tue Nov 18 19:11:40 2025...
ompile_order -fileset sources_1
exit
INFO: [Common 17-206] Exiting Vivado at Tue Nov 18 19:11:44 2025...
